[debug] [2021-11-18T03:27:27.367Z] ----------------------------------------------------------------------
[debug] [2021-11-18T03:27:27.374Z] Command:       C:\Program Files\nodejs\node.exe C:\Users\Bappi\AppData\Roaming\npm\node_modules\firebase-tools\lib\bin\firebase.js init
[debug] [2021-11-18T03:27:27.375Z] CLI Version:   9.22.0
[debug] [2021-11-18T03:27:27.376Z] Platform:      win32
[debug] [2021-11-18T03:27:27.377Z] Node Version:  v14.17.1
[debug] [2021-11-18T03:27:27.379Z] Time:          Thu Nov 18 2021 09:27:27 GMT+0600 (Bangladesh Standard Time)
[debug] [2021-11-18T03:27:27.380Z] ----------------------------------------------------------------------
[debug] 
[debug] [2021-11-18T03:27:27.537Z] > command requires scopes: ["email","openid","https://www.googleapis.com/auth/cloudplatformprojects.readonly","https://www.googleapis.com/auth/firebase","https://www.googleapis.com/auth/cloud-platform"]
[debug] [2021-11-18T03:27:27.538Z] > authorizing via signed-in user (debashismazumder.bd@gmail.com)
[info] 
     ######## #### ########  ######## ########     ###     ######  ########
     ##        ##  ##     ## ##       ##     ##  ##   ##  ##       ##
     ######    ##  ########  ######   ########  #########  ######  ######
     ##        ##  ##    ##  ##       ##     ## ##     ##       ## ##
     ##       #### ##     ## ######## ########  ##     ##  ######  ########

You're about to initialize a Firebase project in this directory:

  F:\fff\Project\royel

Before we get started, keep in mind:

  * You are initializing within an existing Firebase project directory

[info] 
=== Project Setup
[info] 
[info] First, let's associate this project directory with a Firebase project.
[info] You can create multiple project aliases by running firebase use --add, 
[info] but for now we'll just set up a default project.
[info] 
[info] i  .firebaserc already has a default project, using my-royel. 
[debug] [2021-11-18T03:27:38.048Z] >>> [apiv2][query] GET https://firebase.googleapis.com/v1beta1/projects/my-royel [none]
[debug] [2021-11-18T03:27:38.754Z] <<< [apiv2][status] GET https://firebase.googleapis.com/v1beta1/projects/my-royel 403
[debug] [2021-11-18T03:27:38.755Z] <<< [apiv2][body] GET https://firebase.googleapis.com/v1beta1/projects/my-royel {"error":{"code":403,"message":"The caller does not have permission","status":"PERMISSION_DENIED"}}
[debug] [2021-11-18T03:27:38.755Z] HTTP Error: 403, The caller does not have permission
[debug] [2021-11-18T03:27:39.000Z] FirebaseError: HTTP Error: 403, The caller does not have permission
    at module.exports (C:\Users\Bappi\AppData\Roaming\npm\node_modules\firebase-tools\lib\responseToError.js:38:12)
    at Client.doRequest (C:\Users\Bappi\AppData\Roaming\npm\node_modules\firebase-tools\lib\apiv2.js:241:23)
    at processTicksAndRejections (internal/process/task_queues.js:95:5)
    at async Client.request (C:\Users\Bappi\AppData\Roaming\npm\node_modules\firebase-tools\lib\apiv2.js:96:20)
    at async Object.getFirebaseProject (C:\Users\Bappi\AppData\Roaming\npm\node_modules\firebase-tools\lib\management\projects.js:290:21)
    at async Object.doSetup [as project] (C:\Users\Bappi\AppData\Roaming\npm\node_modules\firebase-tools\lib\init\features\project.js:77:27)
    at async init (C:\Users\Bappi\AppData\Roaming\npm\node_modules\firebase-tools\lib\init\index.js:19:9)
[error] 
[error] Error: Failed to get Firebase project my-royel. Please make sure the project exists and your account has permission to access it.
